<?xml version="1.0" encoding="UTF-8"?>
<!-- Generated by org.testng.reporters.JUnitReportReporter -->
<testsuite skipped="0" hostname="Bhargavi" name="com.mycompany.app.AppTest" tests="1" failures="0" timestamp="08 Aug 2018 06:04:24 GMT" time="0.016" errors="0">
  <testcase name="testLogin" time="0.016" classname="com.mycompany.app.AppTest"/>
</testsuite> <!-- com.mycompany.app.AppTest -->
